\BOOKMARK [1][]{section.1}{\376\377\0001\000\040\000I\000n\000t\000r\000o\000d\000u\000c\000t\000i\000o\000n}{}% 1
\BOOKMARK [1][]{section.2}{\376\377\0002\000\040\000A\000\040\000S\000i\000m\000p\000l\000e\000\040\000I\000l\000l\000u\000s\000t\000r\000a\000t\000i\000v\000e\000\040\000E\000x\000a\000m\000p\000l\000e}{}% 2
\BOOKMARK [1][]{section.3}{\376\377\0003\000\040\000P\000r\000e\000d\000i\000c\000t\000i\000v\000e\000\040\000T\000a\000s\000k\000s}{}% 3
\BOOKMARK [1][]{section.4}{\376\377\0004\000\040\000W\000o\000r\000k\000f\000l\000o\000w\000s\000\040\000a\000n\000d\000\040\000W\000o\000r\000k\000f\000l\000o\000w\000\040\000V\000a\000r\000i\000a\000n\000t\000s}{}% 4
\BOOKMARK [2][-]{subsection.4.1}{\376\377\0004\000.\0001\000\040\000W\000o\000r\000k\000f\000l\000o\000w\000\040\000V\000a\000r\000i\000a\000n\000t\000s}{section.4}% 5
\BOOKMARK [2][-]{subsection.4.2}{\376\377\0004\000.\0002\000\040\000G\000e\000n\000e\000r\000i\000c\000\040\000W\000o\000r\000k\000f\000l\000o\000w\000s}{section.4}% 6
\BOOKMARK [3][-]{subsubsection.4.2.1}{\376\377\0004\000.\0002\000.\0001\000\040\000C\000l\000a\000s\000s\000i\000f\000i\000c\000a\000t\000i\000o\000n\000\040\000a\000n\000d\000\040\000R\000e\000g\000r\000e\000s\000s\000i\000o\000n\000\040\000T\000a\000s\000k\000s}{subsection.4.2}% 7
\BOOKMARK [3][-]{subsubsection.4.2.2}{\376\377\0004\000.\0002\000.\0002\000\040\000T\000i\000m\000e\000\040\000S\000e\000r\000i\000e\000s\000\040\000T\000a\000s\000k\000s}{subsection.4.2}% 8
\BOOKMARK [2][-]{subsection.4.3}{\376\377\0004\000.\0003\000\040\000U\000s\000e\000r\000-\000d\000e\000f\000i\000n\000e\000d\000\040\000W\000o\000r\000k\000f\000l\000o\000w\000s}{section.4}% 9
\BOOKMARK [1][]{section.5}{\376\377\0005\000\040\000E\000s\000t\000i\000m\000a\000t\000i\000o\000n\000\040\000T\000a\000s\000k\000s}{}% 10
\BOOKMARK [2][-]{subsection.5.1}{\376\377\0005\000.\0001\000\040\000P\000e\000r\000f\000o\000r\000m\000a\000n\000c\000e\000\040\000M\000e\000t\000r\000i\000c\000s}{section.5}% 11
\BOOKMARK [2][-]{subsection.5.2}{\376\377\0005\000.\0002\000\040\000U\000s\000e\000r\000-\000d\000e\000f\000i\000n\000e\000d\000\040\000P\000e\000r\000f\000o\000r\000m\000a\000n\000c\000e\000\040\000M\000e\000t\000r\000i\000c\000s}{section.5}% 12
\BOOKMARK [2][-]{subsection.5.3}{\376\377\0005\000.\0003\000\040\000E\000s\000t\000i\000m\000a\000t\000i\000o\000n\000\040\000M\000e\000t\000h\000o\000d\000o\000l\000o\000g\000i\000e\000s}{section.5}% 13
\BOOKMARK [3][-]{subsubsection.5.3.1}{\376\377\0005\000.\0003\000.\0001\000\040\000C\000r\000o\000s\000s\000\040\000V\000a\000l\000i\000d\000a\000t\000i\000o\000n}{subsection.5.3}% 14
\BOOKMARK [3][-]{subsubsection.5.3.2}{\376\377\0005\000.\0003\000.\0002\000\040\000B\000o\000o\000t\000s\000t\000r\000a\000p\000p\000i\000n\000g}{subsection.5.3}% 15
\BOOKMARK [3][-]{subsubsection.5.3.3}{\376\377\0005\000.\0003\000.\0003\000\040\000H\000o\000l\000d\000o\000u\000t\000\040\000a\000n\000d\000\040\000R\000a\000n\000d\000o\000m\000\040\000S\000u\000b\000-\000s\000a\000m\000p\000l\000i\000n\000g}{subsection.5.3}% 16
\BOOKMARK [3][-]{subsubsection.5.3.4}{\376\377\0005\000.\0003\000.\0004\000\040\000L\000e\000a\000v\000e\000\040\000O\000n\000e\000\040\000O\000u\000t\000\040\000C\000r\000o\000s\000s\000\040\000V\000a\000l\000i\000d\000a\000t\000i\000o\000n}{subsection.5.3}% 17
\BOOKMARK [3][-]{subsubsection.5.3.5}{\376\377\0005\000.\0003\000.\0005\000\040\000M\000o\000n\000t\000e\000\040\000C\000a\000r\000l\000o\000\040\000E\000x\000p\000e\000r\000i\000m\000e\000n\000t\000s}{subsection.5.3}% 18
\BOOKMARK [1][]{section.6}{\376\377\0006\000\040\000S\000t\000a\000t\000i\000s\000t\000i\000c\000a\000l\000\040\000S\000i\000g\000n\000i\000f\000i\000c\000a\000n\000c\000e\000\040\000o\000f\000\040\000D\000i\000f\000f\000e\000r\000e\000n\000c\000e\000s}{}% 19
\BOOKMARK [1][]{section.7}{\376\377\0007\000\040\000L\000a\000r\000g\000e\000r\000\040\000E\000x\000a\000m\000p\000l\000e\000s}{}% 20
\BOOKMARK [1][]{section.8}{\376\377\0008\000\040\000C\000o\000n\000c\000l\000u\000s\000i\000o\000n\000s}{}% 21
