This is pdfTeX, Version 3.1415926-2.5-1.40.14 (TeX Live 2013/Debian) (format=pdflatex 2013.11.8)  21 DEC 2013 11:48
entering extended mode
 restricted \write18 enabled.
 %&-line parsing enabled.
**performanceEstimation.tex
(./performanceEstimation.tex
LaTeX2e <2011/06/27>
Babel <3.9f> and hyphenation patterns for 3 languages loaded.
(/usr/share/texlive/texmf-dist/tex/latex/base/article.cls
Document Class: article 2007/10/19 v1.4h Standard LaTeX document class
(/usr/share/texlive/texmf-dist/tex/latex/base/size10.clo
File: size10.clo 2007/10/19 v1.4h Standard LaTeX file (size option)
)
\c@part=\count79
\c@section=\count80
\c@subsection=\count81
\c@subsubsection=\count82
\c@paragraph=\count83
\c@subparagraph=\count84
\c@figure=\count85
\c@table=\count86
\abovecaptionskip=\skip41
\belowcaptionskip=\skip42
\bibindent=\dimen102
)
(/usr/share/texlive/texmf-dist/tex/latex/graphics/graphicx.sty
Package: graphicx 1999/02/16 v1.0f Enhanced LaTeX Graphics (DPC,SPQR)

(/usr/share/texlive/texmf-dist/tex/latex/graphics/keyval.sty
Package: keyval 1999/03/16 v1.13 key=value parser (DPC)
\KV@toks@=\toks14
)
(/usr/share/texlive/texmf-dist/tex/latex/graphics/graphics.sty
Package: graphics 2009/02/05 v1.0o Standard LaTeX Graphics (DPC,SPQR)

(/usr/share/texlive/texmf-dist/tex/latex/graphics/trig.sty
Package: trig 1999/03/16 v1.09 sin cos tan (DPC)
)
(/usr/share/texlive/texmf-dist/tex/latex/latexconfig/graphics.cfg
File: graphics.cfg 2010/04/23 v1.9 graphics configuration of TeX Live
)
Package graphics Info: Driver file: pdftex.def on input line 91.

(/usr/share/texlive/texmf-dist/tex/latex/pdftex-def/pdftex.def
File: pdftex.def 2011/05/27 v0.06d Graphics/color for pdfTeX

(/usr/share/texlive/texmf-dist/tex/generic/oberdiek/infwarerr.sty
Package: infwarerr 2010/04/08 v1.3 Providing info/warning/error messages (HO)
)
(/usr/share/texlive/texmf-dist/tex/generic/oberdiek/ltxcmds.sty
Package: ltxcmds 2011/11/09 v1.22 LaTeX kernel commands for general use (HO)
)
\Gread@gobject=\count87
))
\Gin@req@height=\dimen103
\Gin@req@width=\dimen104
)
(/usr/share/texlive/texmf-dist/tex/latex/graphics/color.sty
Package: color 2005/11/14 v1.0j Standard LaTeX Color (DPC)

(/usr/share/texlive/texmf-dist/tex/latex/latexconfig/color.cfg
File: color.cfg 2007/01/18 v1.5 color configuration of teTeX/TeXLive
)
Package color Info: Driver file: pdftex.def on input line 130.
)
(/usr/share/texlive/texmf-dist/tex/latex/framed/framed.sty
Package: framed 2011/10/22 v 0.96: framed or shaded text with page breaks
\OuterFrameSep=\skip43
\fb@frw=\dimen105
\fb@frh=\dimen106
\FrameRule=\dimen107
\FrameSep=\dimen108
)
(/usr/share/texlive/texmf-dist/tex/latex/base/alltt.sty
Package: alltt 1997/06/16 v2.0g defines alltt environment
)
(/usr/share/texlive/texmf-dist/tex/latex/base/inputenc.sty
Package: inputenc 2008/03/30 v1.1d Input encoding file
\inpenc@prehook=\toks15
\inpenc@posthook=\toks16

(/usr/share/texlive/texmf-dist/tex/latex/ucs/utf8x.def
File: utf8x.def 2004/10/17 UCS: Input encoding UTF-8
))
(/usr/share/texlive/texmf-dist/tex/latex/ucs/ucs.sty
Package: ucs 2013/05/11 v2.2 UCS: Unicode input support

(/usr/share/texlive/texmf-dist/tex/latex/ucs/data/uni-global.def
File: uni-global.def 2013/05/13 UCS: Unicode global data
)
\uc@secondtry=\count88
\uc@combtoks=\toks17
\uc@combtoksb=\toks18
\uc@temptokena=\toks19
)
(/usr/share/texlive/texmf-dist/tex/latex/amsmath/amsmath.sty
Package: amsmath 2013/01/14 v2.14 AMS math features
\@mathmargin=\skip44

For additional information on amsmath, use the `?' option.
(/usr/share/texlive/texmf-dist/tex/latex/amsmath/amstext.sty
Package: amstext 2000/06/29 v2.01

(/usr/share/texlive/texmf-dist/tex/latex/amsmath/amsgen.sty
File: amsgen.sty 1999/11/30 v2.0
\@emptytoks=\toks20
\ex@=\dimen109
))
(/usr/share/texlive/texmf-dist/tex/latex/amsmath/amsbsy.sty
Package: amsbsy 1999/11/29 v1.2d
\pmbraise@=\dimen110
)
(/usr/share/texlive/texmf-dist/tex/latex/amsmath/amsopn.sty
Package: amsopn 1999/12/14 v2.01 operator names
)
\inf@bad=\count89
LaTeX Info: Redefining \frac on input line 210.
\uproot@=\count90
\leftroot@=\count91
LaTeX Info: Redefining \overline on input line 306.
\classnum@=\count92
\DOTSCASE@=\count93
LaTeX Info: Redefining \ldots on input line 378.
LaTeX Info: Redefining \dots on input line 381.
LaTeX Info: Redefining \cdots on input line 466.
\Mathstrutbox@=\box26
\strutbox@=\box27
\big@size=\dimen111
LaTeX Font Info:    Redeclaring font encoding OML on input line 566.
LaTeX Font Info:    Redeclaring font encoding OMS on input line 567.
\macc@depth=\count94
\c@MaxMatrixCols=\count95
\dotsspace@=\muskip10
\c@parentequation=\count96
\dspbrk@lvl=\count97
\tag@help=\toks21
\row@=\count98
\column@=\count99
\maxfields@=\count100
\andhelp@=\toks22
\eqnshift@=\dimen112
\alignsep@=\dimen113
\tagshift@=\dimen114
\tagwidth@=\dimen115
\totwidth@=\dimen116
\lineht@=\dimen117
\@envbody=\toks23
\multlinegap=\skip45
\multlinetaggap=\skip46
\mathdisplay@stack=\toks24
LaTeX Info: Redefining \[ on input line 2665.
LaTeX Info: Redefining \] on input line 2666.
)
(/usr/share/texlive/texmf-dist/tex/latex/amsfonts/amsfonts.sty
Package: amsfonts 2013/01/14 v3.01 Basic AMSFonts support
\symAMSa=\mathgroup4
\symAMSb=\mathgroup5
LaTeX Font Info:    Overwriting math alphabet `\mathfrak' in version `bold'
(Font)                  U/euf/m/n --> U/euf/b/n on input line 106.
)
(/usr/share/texlive/texmf-dist/tex/latex/amsfonts/amssymb.sty
Package: amssymb 2013/01/14 v3.01 AMS font symbols
)
(/usr/share/texlive/texmf-dist/tex/latex/url/url.sty
\Urlmuskip=\muskip11
Package: url 2006/04/12  ver 3.3  Verb mode for urls, etc.
)
(/usr/share/texlive/texmf-dist/tex/latex/fancyvrb/fancyvrb.sty
Package: fancyvrb 2008/02/07

Style option: `fancyvrb' v2.7a, with DG/SPQR fixes, and firstline=lastline fix 
<2008/02/07> (tvz)
\FV@CodeLineNo=\count101
\FV@InFile=\read1
\FV@TabBox=\box28
\c@FancyVerbLine=\count102
\FV@StepNumber=\count103
\FV@OutFile=\write3
)
(/usr/share/texlive/texmf-dist/tex/latex/hyperref/hyperref.sty
Package: hyperref 2012/11/06 v6.83m Hypertext links for LaTeX

(/usr/share/texlive/texmf-dist/tex/generic/oberdiek/hobsub-hyperref.sty
Package: hobsub-hyperref 2012/05/28 v1.13 Bundle oberdiek, subset hyperref (HO)


(/usr/share/texlive/texmf-dist/tex/generic/oberdiek/hobsub-generic.sty
Package: hobsub-generic 2012/05/28 v1.13 Bundle oberdiek, subset generic (HO)
Package: hobsub 2012/05/28 v1.13 Construct package bundles (HO)
Package hobsub Info: Skipping package `infwarerr' (already loaded).
Package hobsub Info: Skipping package `ltxcmds' (already loaded).
Package: ifluatex 2010/03/01 v1.3 Provides the ifluatex switch (HO)
Package ifluatex Info: LuaTeX not detected.
Package: ifvtex 2010/03/01 v1.5 Detect VTeX and its facilities (HO)
Package ifvtex Info: VTeX not detected.
Package: intcalc 2007/09/27 v1.1 Expandable calculations with integers (HO)
Package: ifpdf 2011/01/30 v2.3 Provides the ifpdf switch (HO)
Package ifpdf Info: pdfTeX in PDF mode is detected.
Package: etexcmds 2011/02/16 v1.5 Avoid name clashes with e-TeX commands (HO)
Package etexcmds Info: Could not find \expanded.
(etexcmds)             That can mean that you are not using pdfTeX 1.50 or
(etexcmds)             that some package has redefined \expanded.
(etexcmds)             In the latter case, load this package earlier.
Package: kvsetkeys 2012/04/25 v1.16 Key value parser (HO)
Package: kvdefinekeys 2011/04/07 v1.3 Define keys (HO)
Package: pdftexcmds 2011/11/29 v0.20 Utility functions of pdfTeX for LuaTeX (HO
)
Package pdftexcmds Info: LuaTeX not detected.
Package pdftexcmds Info: \pdf@primitive is available.
Package pdftexcmds Info: \pdf@ifprimitive is available.
Package pdftexcmds Info: \pdfdraftmode found.
Package: pdfescape 2011/11/25 v1.13 Implements pdfTeX's escape features (HO)
Package: bigintcalc 2012/04/08 v1.3 Expandable calculations on big integers (HO
)
Package: bitset 2011/01/30 v1.1 Handle bit-vector datatype (HO)
Package: uniquecounter 2011/01/30 v1.2 Provide unlimited unique counter (HO)
)
Package hobsub Info: Skipping package `hobsub' (already loaded).
Package: letltxmacro 2010/09/02 v1.4 Let assignment for LaTeX macros (HO)
Package: hopatch 2012/05/28 v1.2 Wrapper for package hooks (HO)
Package: xcolor-patch 2011/01/30 xcolor patch
Package: atveryend 2011/06/30 v1.8 Hooks at the very end of document (HO)
Package atveryend Info: \enddocument detected (standard20110627).
Package: atbegshi 2011/10/05 v1.16 At begin shipout hook (HO)
Package: refcount 2011/10/16 v3.4 Data extraction from label references (HO)
Package: hycolor 2011/01/30 v1.7 Color options for hyperref/bookmark (HO)
)
(/usr/share/texlive/texmf-dist/tex/generic/ifxetex/ifxetex.sty
Package: ifxetex 2010/09/12 v0.6 Provides ifxetex conditional
)
(/usr/share/texlive/texmf-dist/tex/latex/oberdiek/auxhook.sty
Package: auxhook 2011/03/04 v1.3 Hooks for auxiliary files (HO)
)
(/usr/share/texlive/texmf-dist/tex/latex/oberdiek/kvoptions.sty
Package: kvoptions 2011/06/30 v3.11 Key value format for package options (HO)
)
\@linkdim=\dimen118
\Hy@linkcounter=\count104
\Hy@pagecounter=\count105

(/usr/share/texlive/texmf-dist/tex/latex/hyperref/pd1enc.def
File: pd1enc.def 2012/11/06 v6.83m Hyperref: PDFDocEncoding definition (HO)
)
\Hy@SavedSpaceFactor=\count106

(/usr/share/texlive/texmf-dist/tex/latex/latexconfig/hyperref.cfg
File: hyperref.cfg 2002/06/06 v1.2 hyperref configuration of TeXLive
)
Package hyperref Info: Option `unicode' set `true' on input line 4319.

(/usr/share/texlive/texmf-dist/tex/latex/hyperref/puenc.def
File: puenc.def 2012/11/06 v6.83m Hyperref: PDF Unicode definition (HO)
)
Package hyperref Info: Option `pdfusetitle' set `true' on input line 4319.
Package hyperref Info: Option `bookmarks' set `true' on input line 4319.
Package hyperref Info: Option `bookmarksnumbered' set `true' on input line 4319
.
Package hyperref Info: Option `bookmarksopen' set `true' on input line 4319.
Package hyperref Info: Option `breaklinks' set `false' on input line 4319.
Package hyperref Info: Option `colorlinks' set `false' on input line 4319.
Package hyperref Info: Hyper figures OFF on input line 4443.
Package hyperref Info: Link nesting OFF on input line 4448.
Package hyperref Info: Hyper index ON on input line 4451.
Package hyperref Info: Plain pages OFF on input line 4458.
Package hyperref Info: Backreferencing OFF on input line 4463.
Package hyperref Info: Implicit mode ON; LaTeX internals redefined.
Package hyperref Info: Bookmarks ON on input line 4688.
\c@Hy@tempcnt=\count107
LaTeX Info: Redefining \url on input line 5041.
\XeTeXLinkMargin=\dimen119
\Fld@menulength=\count108
\Field@Width=\dimen120
\Fld@charsize=\dimen121
Package hyperref Info: Hyper figures OFF on input line 6295.
Package hyperref Info: Link nesting OFF on input line 6300.
Package hyperref Info: Hyper index ON on input line 6303.
Package hyperref Info: backreferencing OFF on input line 6310.
Package hyperref Info: Link coloring OFF on input line 6315.
Package hyperref Info: Link coloring with OCG OFF on input line 6320.
Package hyperref Info: PDF/A mode OFF on input line 6325.
LaTeX Info: Redefining \ref on input line 6365.
LaTeX Info: Redefining \pageref on input line 6369.
\Hy@abspage=\count109
\c@Item=\count110
\c@Hfootnote=\count111
)

Package hyperref Message: Driver (autodetected): hpdftex.

(/usr/share/texlive/texmf-dist/tex/latex/hyperref/hpdftex.def
File: hpdftex.def 2012/11/06 v6.83m Hyperref driver for pdfTeX
\Fld@listcount=\count112
\c@bookmark@seq@number=\count113

(/usr/share/texlive/texmf-dist/tex/latex/oberdiek/rerunfilecheck.sty
Package: rerunfilecheck 2011/04/15 v1.7 Rerun checks for auxiliary files (HO)
Package uniquecounter Info: New unique counter `rerunfilecheck' on input line 2
82.
)
\Hy@SectionHShift=\skip47
)
(/usr/share/texlive/texmf-dist/tex/latex/breakurl/breakurl.sty
Package: breakurl 2013/04/10 v1.40 Breakable hyperref URLs

(/usr/share/texlive/texmf-dist/tex/latex/xkeyval/xkeyval.sty
Package: xkeyval 2012/10/14 v2.6b package option processing (HA)

(/usr/share/texlive/texmf-dist/tex/generic/xkeyval/xkeyval.tex
\XKV@toks=\toks25
\XKV@tempa@toks=\toks26
\XKV@depth=\count114
File: xkeyval.tex 2012/10/14 v2.6b key=value parser (HA)
))

Package breakurl Warning: You are using breakurl while processing via pdflatex.

(breakurl)                \burl will be just a synonym of \url.
(breakurl)                 on input line 48.

) (/usr/share/texlive/texmf-dist/tex/latex/upquote/upquote.sty
Package: upquote 2012/04/19 v1.3 upright-quote and grave-accent glyphs in verba
tim
)
(./performanceEstimation.aux)
\openout1 = `performanceEstimation.aux'.

LaTeX Font Info:    Checking defaults for OML/cmm/m/it on input line 73.
LaTeX Font Info:    ... okay on input line 73.
LaTeX Font Info:    Checking defaults for T1/cmr/m/n on input line 73.
LaTeX Font Info:    ... okay on input line 73.
LaTeX Font Info:    Checking defaults for OT1/cmr/m/n on input line 73.
LaTeX Font Info:    ... okay on input line 73.
LaTeX Font Info:    Checking defaults for OMS/cmsy/m/n on input line 73.
LaTeX Font Info:    ... okay on input line 73.
LaTeX Font Info:    Checking defaults for OMX/cmex/m/n on input line 73.
LaTeX Font Info:    ... okay on input line 73.
LaTeX Font Info:    Checking defaults for U/cmr/m/n on input line 73.
LaTeX Font Info:    ... okay on input line 73.
LaTeX Font Info:    Checking defaults for PD1/pdf/m/n on input line 73.
LaTeX Font Info:    ... okay on input line 73.
LaTeX Font Info:    Checking defaults for PU/pdf/m/n on input line 73.
LaTeX Font Info:    ... okay on input line 73.

(/usr/share/texlive/texmf-dist/tex/context/base/supp-pdf.mkii
[Loading MPS to PDF converter (version 2006.09.02).]
\scratchcounter=\count115
\scratchdimen=\dimen122
\scratchbox=\box29
\nofMPsegments=\count116
\nofMParguments=\count117
\everyMPshowfont=\toks27
\MPscratchCnt=\count118
\MPscratchDim=\dimen123
\MPnumerator=\count119
\makeMPintoPDFobject=\count120
\everyMPtoPDFconversion=\toks28
) (/usr/share/texlive/texmf-dist/tex/latex/oberdiek/epstopdf-base.sty
Package: epstopdf-base 2010/02/09 v2.5 Base part for package epstopdf

(/usr/share/texlive/texmf-dist/tex/latex/oberdiek/grfext.sty
Package: grfext 2010/08/19 v1.1 Manage graphics extensions (HO)
)
Package grfext Info: Graphics extension search list:
(grfext)             [.png,.pdf,.jpg,.mps,.jpeg,.jbig2,.jb2,.PNG,.PDF,.JPG,.JPE
G,.JBIG2,.JB2,.eps]
(grfext)             \AppendGraphicsExtensions on input line 452.

(/usr/share/texlive/texmf-dist/tex/latex/latexconfig/epstopdf-sys.cfg
File: epstopdf-sys.cfg 2010/07/13 v1.3 Configuration of (r)epstopdf for TeX Liv
e
))
(/usr/share/texlive/texmf-dist/tex/latex/ucs/ucsencs.def
File: ucsencs.def 2011/01/21 Fixes to fontencodings LGR, T3
)
\AtBeginShipoutBox=\box30
Package hyperref Info: Link coloring OFF on input line 73.

(/usr/share/texlive/texmf-dist/tex/latex/hyperref/nameref.sty
Package: nameref 2012/10/27 v2.43 Cross-referencing by name of section

(/usr/share/texlive/texmf-dist/tex/generic/oberdiek/gettitlestring.sty
Package: gettitlestring 2010/12/03 v1.4 Cleanup title references (HO)
)
\c@section@level=\count121
)
LaTeX Info: Redefining \ref on input line 73.
LaTeX Info: Redefining \pageref on input line 73.
LaTeX Info: Redefining \nameref on input line 73.

(./performanceEstimation.out) (./performanceEstimation.out)
\@outlinefile=\write4
\openout4 = `performanceEstimation.out'.

LaTeX Font Info:    Try loading font information for U+msa on input line 79.

(/usr/share/texlive/texmf-dist/tex/latex/amsfonts/umsa.fd
File: umsa.fd 2013/01/14 v3.01 AMS symbols A
)
LaTeX Font Info:    Try loading font information for U+msb on input line 79.

(/usr/share/texlive/texmf-dist/tex/latex/amsfonts/umsb.fd
File: umsb.fd 2013/01/14 v3.01 AMS symbols B
) [1

{/var/lib/texmf/fonts/map/pdftex/updmap/pdftex.map}]
Overfull \hbox (1.22292pt too wide) in paragraph at lines 136--141
[]\OT1/cmr/m/n/10 Finally, the infra-structure pro-vides util-ity func-tions im
-ple-ment-ing fre-quently
 []

[2]
Package color Info: Redefining color shadecolor on input line 152.
LaTeX Font Info:    Font shape `OT1/cmtt/bx/n' in size <10> not available
(Font)              Font shape `OT1/cmtt/m/n' tried instead on input line 154.

Overfull \hbox (206.2452pt too wide) in paragraph at lines 157--157
[][]\OT1/cmtt/m/n/10 res[] []<-[] []performanceEstimation[][]([][]PredTask[][](
Species[] []~[] []., iris),[] []workflowVariants[][]([][]"standardWF"[][],[] []
learner[] []=[] []"svm"[][],[][] 
 []


Overfull \hbox (127.49588pt too wide) in paragraph at lines 158--158
[]    []\OT1/cmtt/m/n/10 learner.pars[] []=[] []list[][]([][]cost[] []=[] []c[]
[]([][]1[][],[] []5[][],[] []10[][]),[] []gamma[] []=[] []c[][]([][]0.1[][],[] 
[]0.001[][]))),[] []CvSettings[][]([][]nReps[] []=[] []1[][],[][] 
 []


Overfull \hbox (55.57353pt too wide) in paragraph at lines 178--203
\OT1/cmr/m/n/10 ram-e-ters to this func-tion. The func-tion will be called from
 within \OT1/cmtt/m/n/10 performanceEstimation()
 []


Overfull \hbox (115.87044pt too wide) in paragraph at lines 178--203
\OT1/cmr/bx/n/10 Work-flow \OT1/cmr/m/n/10 ob-ject. This means that the ob-ject
 \OT1/cmtt/m/n/10 Workflow('svmTrial',pars=list(cost=10,gamma=0.5))\OT1/cmr/m/n
/10 ,
 []


Overfull \hbox (1.49698pt too wide) in paragraph at lines 178--203
\OT1/cmtt/m/n/10 svmTrial(\OT1/cmtt/m/it/10 someFormula\OT1/cmtt/m/n/10 , \OT1/
cmtt/m/it/10 someTrainingSample\OT1/cmtt/m/n/10 , \OT1/cmtt/m/it/10 someTestSam
ple\OT1/cmtt/m/n/10 , cost=10,
 []


Underfull \hbox (badness 10000) in paragraph at lines 178--203

 []

[3]
Overfull \hbox (1.24934pt too wide) in paragraph at lines 222--232
[]\OT1/cmr/m/n/10 Finally, the third pa-ram-e-ter of the func-tion \OT1/cmtt/m/
n/10 performanceEstimation() \OT1/cmr/m/n/10 spec-
 []


Underfull \hbox (badness 10000) in paragraph at lines 237--237
[][][]\OT1/cmr/m/n/8 Interested read-ers may have a look at the cor-re-spond-in
g help page -
 []

Package color Info: Redefining color shadecolor on input line 245.

Overfull \hbox (38.24666pt too wide) in paragraph at lines 308--308
[]\OT1/cmtt/m/n/10 ## == Summary of a  Cross Validation Performance Estimation 
Experiment ==[] 
 []


Overfull \hbox (1.49698pt too wide) in paragraph at lines 308--308
[]\OT1/cmtt/m/n/10 ## * Workflows  ::  svm.v1, svm.v2, svm.v3, svm.v4, svm.v5, 
svm.v6[] 
 []

[4]
Package color Info: Redefining color shadecolor on input line 325.
 [5]
Package color Info: Redefining color shadecolor on input line 348.


LaTeX Warning: No positions in optional float specifier.
               Default added (so using `tbp') on input line 352.

<figures/perfEst-ex1Iris.pdf, id=108, 505.89pt x 505.89pt>
File: figures/perfEst-ex1Iris.pdf Graphic file (type pdf)

<use figures/perfEst-ex1Iris.pdf>
Package pdftex.def Info: figures/perfEst-ex1Iris.pdf used on input line 355.
(pdftex.def)             Requested size: 241.49895pt x 241.50444pt.
Package color Info: Redefining color shadecolor on input line 371.
 [6 <./figures/perfEst-ex1Iris.pdf>]
Package color Info: Redefining color shadecolor on input line 407.

Overfull \hbox (116.99597pt too wide) in paragraph at lines 423--423
[]\OT1/cmtt/m/n/10 ##  $ Species     : Factor w/ 3 levels "setosa","versicolor"
,..: 1 1 1 1 1 1 1 1 1 1 ...[] 
 []


Overfull \hbox (1.49698pt too wide) in paragraph at lines 423--423
[]\OT1/cmtt/m/n/10 ##  $ Sepal.Width : num  3.5 3 3.2 3.1 3.6 3.9 3.4 3.4 2.9 3
.1 ...[] 
 []


Overfull \hbox (11.99689pt too wide) in paragraph at lines 423--423
[]\OT1/cmtt/m/n/10 ##  $ Petal.Length: num  1.4 1.4 1.3 1.5 1.4 1.7 1.4 1.5 1.4
 1.5 ...[] 
 []


Overfull \hbox (11.99689pt too wide) in paragraph at lines 423--423
[]\OT1/cmtt/m/n/10 ##  $ Petal.Width : num  0.2 0.2 0.2 0.2 0.2 0.4 0.3 0.2 0.2
 0.1 ...[] 
 []

Package color Info: Redefining color shadecolor on input line 433.

Overfull \hbox (22.4968pt too wide) in paragraph at lines 436--436
[][]\OT1/cmtt/m/n/10 PredTask[][](Species[] []~[] []Petal.Length[] []+[] []Sepa
l.Length, iris,[] []"ShortIrisTask"[][])[][] 
 []


Overfull \hbox (116.99597pt too wide) in paragraph at lines 447--447
[]\OT1/cmtt/m/n/10 ##  $ Species     : Factor w/ 3 levels "setosa","versicolor"
,..: 1 1 1 1 1 1 1 1 1 1 ...[] 
 []


Overfull \hbox (11.99689pt too wide) in paragraph at lines 447--447
[]\OT1/cmtt/m/n/10 ##  $ Petal.Length: num  1.4 1.4 1.3 1.5 1.4 1.7 1.4 1.5 1.4
 1.5 ...[] 
 []

[7] [8]
Overfull \hbox (19.91632pt too wide) in paragraph at lines 510--513
[]\OT1/cmr/m/n/10 The sketch shown above also il-lus-trates the use of the func
-tion \OT1/cmtt/m/n/10 responseValues()
 []

Package color Info: Redefining color shadecolor on input line 530.
Package color Info: Redefining color shadecolor on input line 553.

Overfull \hbox (64.49643pt too wide) in paragraph at lines 555--555
[][]\OT1/cmtt/m/n/10 workflowVariants[][]([][]"myWorkFlow"[][],[] []x[] []=[] [
]c[][]([][]0[][],[] []3[][],[] []5[][],[] []7[][]),[] []y[] []=[] []c[][](T, F)
,[] []as.is[] []=[] []c[][]([][]"x"[][]))[][] 
 []

Package color Info: Redefining color shadecolor on input line 572.
[9]
LaTeX Font Info:    Try loading font information for OMS+cmtt on input line 574
.
 (/usr/share/R/share/texmf/tex/latex/omscmtt.fd
File: omscmtt.fd 
)
LaTeX Font Info:    Font shape `OMS/cmtt/m/n' in size <10> not available
(Font)              Font shape `OMS/cmsy/m/n' tried instead on input line 574.

Overfull \hbox (22.24686pt too wide) in paragraph at lines 574--574
[][]\OT1/cmtt/m/n/10 RLensemble[] []<-[] []function[][]([][]f[][],[] []tr[][],[
] []ts[][],[] []weightRT[] []=[] []0.5[][],[] []step[] []=[] []FALSE[][],[] [].
..[][]) \OMS/cmsy/m/n/10 f[][] 
 []

Package color Info: Redefining color shadecolor on input line 606.

Overfull \hbox (200.99524pt too wide) in paragraph at lines 609--609
[][]\OT1/cmtt/m/n/10 expRes[] []<-[] []performanceEstimation[][]([][]PredTask[]
[](a1[] []~[] []., algae[,[] []1[][]:[][]12[][]],[] []"alga1"[][]),[] []workflo
wVariants[][]([][]"RLensemble"[][],[][] 
 []


Overfull \hbox (195.74529pt too wide) in paragraph at lines 610--610
[]    []\OT1/cmtt/m/n/10 se[] []=[] []c[][]([][]0[][],[] []1[][]),[] []step[] [
]=[] []c[][](T, F),[] []weightRT[] []=[] []c[][]([][]0.4[][],[] []0.5[][],[] []
0.6[][])),[] []BootSettings[][]([][]nReps[] []=[] []100[][],[] []type[] []=[] [
]"e0"[][]))[][] 
 []

[10]
Package color Info: Redefining color shadecolor on input line 657.

Overfull \hbox (143.24574pt too wide) in paragraph at lines 663--663
[][]\OT1/cmtt/m/n/10 bostonRes[] []<-[] []performanceEstimation[][]([][]PredTas
k[][](medv[] []~[] []., Boston),[] []workflowVariants[][]([][]"standardWF"[][],
[][] 
 []


Overfull \hbox (116.99597pt too wide) in paragraph at lines 664--664
[]    []\OT1/cmtt/m/n/10 learner[] []=[] []c[][]([][]"rpartXse"[][],[] []"svm"[
][],[] []"randomForest"[][])),[] []CvSettings[][]([][]nReps[] []=[] []1[][],[] 
[]nFolds[] []=[] []10[][]))[][] 
 []

[11]
Package color Info: Redefining color shadecolor on input line 680.

Overfull \hbox (153.74565pt too wide) in paragraph at lines 686--686
[][]\OT1/cmtt/m/n/10 bostonRes[] []<-[] []performanceEstimation[][]([][]PredTas
k[][](medv[] []~[] []., Boston),[] []c[][]([][]workflowVariants[][]([][]"standa
rdWF"[][],[][] 
 []


Overfull \hbox (137.99579pt too wide) in paragraph at lines 687--687
[]    []\OT1/cmtt/m/n/10 learner[] []=[] []"rpartXse"[][],[] []learner.pars[] [
]=[] []list[][]([][]se[] []=[] []c[][]([][]0[][],[] []1[][]))),[] []workflowVar
iants[][]([][]"standardWF"[][],[][] 
 []


Overfull \hbox (237.74492pt too wide) in paragraph at lines 688--688
[]    []\OT1/cmtt/m/n/10 learner[] []=[] []"svm"[][],[] []learner.pars[] []=[] 
[]list[][]([][]cost[] []=[] []c[][]([][]1[][],[] []5[][]),[] []gamma[] []=[] []
c[][]([][]0.01[][],[] []0.1[][]))),[] []workflowVariants[][]([][]"standardWF"[]
[],[][] 
 []


Overfull \hbox (158.9956pt too wide) in paragraph at lines 689--689
[]    []\OT1/cmtt/m/n/10 learner[] []=[] []"randomForest"[][],[] []learner.pars
[] []=[] []list[][]([][]ntree[] []=[] []c[][]([][]500[][],[] []1000[][])))),[] 
[]CvSettings[][]([][]nReps[] []=[] []1[][],[][] 
 []

[12]
Package color Info: Redefining color shadecolor on input line 793.
 [13]
Overfull \hbox (190.49533pt too wide) in paragraph at lines 798--798
[][]\OT1/cmtt/m/n/10 bcExp[] []<-[] []performanceEstimation[][]([][]PredTask[][
](Class[] []~[] []., bc,[] []"BreastCancer"[][]),[] []workflowVariants[][]([][]
"standardWF"[][],[][] 
 []


Overfull \hbox (263.99469pt too wide) in paragraph at lines 799--799
[]    []\OT1/cmtt/m/n/10 learner[] []=[] []"svm"[][],[] []learner.pars[] []=[] 
[]list[][]([][]cost[] []=[] []c[][]([][]1[][],[] []5[][]),[] []gamma[] []=[] []
c[][]([][]0.01[][],[] []0.1[][])),[] []evaluator.pars[] []=[] []list[][]([][]st
ats[] []=[] []c[][]([][]"F"[][],[][] 
 []


Overfull \hbox (174.74547pt too wide) in paragraph at lines 800--800
[]        []\OT1/cmtt/m/n/10 "prec"[][],[] []"rec"[][]),[] []posClass[] []=[] [
]"malignant"[][])),[] []CvSettings[][]([][]nReps[] []=[] []3[][],[] []nFolds[] 
[]=[] []10[][],[] []strat[] []=[] []TRUE[][]))[][] 
 []


Overfull \hbox (15.25075pt too wide) in paragraph at lines 810--817
\OT1/cmr/m/n/10 Bootstrapping or boot-strap re-sam-pling is an-other well-known
 ex-per-i-men-tal method-
 []

Package color Info: Redefining color shadecolor on input line 836.

Overfull \hbox (216.7451pt too wide) in paragraph at lines 840--840
[][]\OT1/cmtt/m/n/10 nnExp[] []<-[] []performanceEstimation[][]([][]PredTask[][
](Class[] []~[] []., Servo),[] []workflowVariants[][]([][]"standardWF"[][],[] [
]learner[] []=[] []"nnet"[][],[][] 
 []


Overfull \hbox (248.24483pt too wide) in paragraph at lines 841--841
[]    []\OT1/cmtt/m/n/10 learner.pars[] []=[] []list[][]([][]trace[] []= F,[] [
]linout[] []= T,[] []size[] []=[] []c[][]([][]3[][],[] []5[][]),[] []decay[] []
=[] []c[][]([][]0.01[][],[] []0.1[][]))),[] []BootSettings[][]([][]nReps[] []=[
] []100[][]))[][] 
 []

[14]
Package color Info: Redefining color shadecolor on input line 878.

Overfull \hbox (190.49533pt too wide) in paragraph at lines 881--881
[][]\OT1/cmtt/m/n/10 ltrExp[] []<-[] []performanceEstimation[][]([][]PredTask[]
[](lettr[] []~[] []., LetterRecognition),[] []workflowVariants[][]([][]"standar
dWF"[][],[][] 
 []


Overfull \hbox (179.99542pt too wide) in paragraph at lines 882--882
[]    []\OT1/cmtt/m/n/10 learner[] []=[] []"rpartXse"[][],[] []learner.pars[] [
]=[] []list[][]([][]se[] []=[] []c[][]([][]0[][],[] []1[][])),[] []predictor.pa
rs[] []=[] []list[][]([][]type[] []=[] []"class"[][])),[][] 
 []

Package color Info: Redefining color shadecolor on input line 916.
[15]
Overfull \hbox (137.99579pt too wide) in paragraph at lines 920--920
[][]\OT1/cmtt/m/n/10 irisExp[] []<-[] []performanceEstimation[][]([][]PredTask[
][](Species[] []~[] []., iris),[] []workflowVariants[][]([][]"standardWF"[][],[
][] 
 []


Overfull \hbox (53.99652pt too wide) in paragraph at lines 921--921
[]    []\OT1/cmtt/m/n/10 learner[] []=[] []"svm"[][],[] []learner.pars[] []=[] 
[]list[][]([][]cost[] []=[] []c[][]([][]1[][],[] []10[][]))),[] []LoocvSettings
[][]())[][] 
 []

[16]
Package color Info: Redefining color shadecolor on input line 978.

Overfull \hbox (164.24556pt too wide) in paragraph at lines 983--983
[][]\OT1/cmtt/m/n/10 data.model[] []<-[] []specifyModel[][]([][]Next[][]([][]10
0[] []*[] []Delt[][]([][]Ad[][](GSPC)))[] []~[] []Delt[][]([][]Ad[][](GSPC),[] 
[]k[] []=[] []1[][]:[][]10[][])[] []+[] []Delt[][]([][]Vo[][](GSPC),[][] 
 []


Overfull \hbox (195.74529pt too wide) in paragraph at lines 987--987
[][]\OT1/cmtt/m/n/10 spExp[] []<-[] []performanceEstimation[][]([][]PredTask[][
](PercVarClose[] []~[] []., data,[] []"SP500_2012"[][]),[] []c[][]([][]Workflow
[][]([][]"standardWF"[][],[][] 
 []


Overfull \hbox (216.7451pt too wide) in paragraph at lines 988--988
[]    []\OT1/cmtt/m/n/10 wfID[] []=[] []"standRF"[][],[] []learner[] []=[] []"r
andomForest"[][],[] []learner.pars[] []=[] []list[][]([][]ntree[] []=[] []500[]
[])),[] []Workflow[][]([][]"timeseriesWF"[][],[][] 
 []


Overfull \hbox (179.99542pt too wide) in paragraph at lines 989--989
[]    []\OT1/cmtt/m/n/10 efID,[] []"slideRF"[][],[] []learner[] []=[] []"random
Forest"[][],[] []learner.pars[] []=[] []list[][]([][]ntree[] []=[] []500[][],[]
 []relearn.step[] []=[] []5[][]))),[][] 
 []

Package color Info: Redefining color shadecolor on input line 1033.
[17]
Overfull \hbox (148.4957pt too wide) in paragraph at lines 1036--1036
[][]\OT1/cmtt/m/n/10 ltrExp[] []<-[] []experimentalComparison[][]([][]dataset[]
[](lettr[] []~[] []., LetterRecognition),[] []variants[][]([][]"standardWF"[][]
,[][] 
 []


Overfull \hbox (179.99542pt too wide) in paragraph at lines 1037--1037
[]    []\OT1/cmtt/m/n/10 learner[] []=[] []"rpartXse"[][],[] []learner.pars[] [
]=[] []list[][]([][]se[] []=[] []c[][]([][]0[][],[] []1[][])),[] []predictor.pa
rs[] []=[] []list[][]([][]type[] []=[] []"class"[][])),[][] 
 []

Package color Info: Redefining color shadecolor on input line 1048.
Package color Info: Redefining color shadecolor on input line 1062.
[18]
Package color Info: Redefining color shadecolor on input line 1125.

Overfull \hbox (95.99615pt too wide) in paragraph at lines 1138--1138
[][]\OT1/cmtt/m/n/10 WFs[][]$[][]svm[] []<-[] []list[][]([][]learner.pars[] []=
[] []list[][]([][]cost[] []=[] []c[][]([][]10[][],[] []150[][],[] []300[][]),[]
 []gamma[] []=[] []c[][]([][]0.01[][],[] []0.001[][])))[][] 
 []


Overfull \hbox (116.99597pt too wide) in paragraph at lines 1139--1139
[][]\OT1/cmtt/m/n/10 WFs[][]$[][]randomForest[] []<-[] []list[][]([][]learner.p
ars[] []=[] []list[][]([][]mtry[] []=[] []c[][]([][]5[][],[] []7[][]),[] []ntre
e[] []=[] []c[][]([][]500[][],[] []750[][],[] []1500[][])))[][] 
 []


Overfull \hbox (164.24556pt too wide) in paragraph at lines 1140--1140
[][]\OT1/cmtt/m/n/10 WFs[][]$[][]earth[] []<-[] []list[][]([][]learner.pars[] [
]=[] []list[][]([][]nk[] []=[] []c[][]([][]10[][],[] []17[][]),[] []degree[] []
=[] []c[][]([][]1[][],[] []2[][]),[] []thresh[] []=[] []c[][]([][]0.01[][],[] [
]0.001[][])))[][] 
 []


Overfull \hbox (158.9956pt too wide) in paragraph at lines 1145--1145
[]        []\OT1/cmtt/m/n/10 assign[][](resObj,[] []experimentalComparison[][](
DSs[d],[] []c[][]([][]do.call[][]([][]"variants"[][],[] []c[][]([][]list[][]([]
[]"standardWF"[][],[][] 
 []


Overfull \hbox (69.74638pt too wide) in paragraph at lines 1148--1148
[]        []\OT1/cmtt/m/n/10 save[][]([][]list[] []= resObj,[] []file[] []=[] [
]paste[][]([][]names[][](DSs)[d], w,[] []"Rdata"[][],[] []sep[] []=[] []"."[][]
))[][] 
 []

[19]
Package color Info: Redefining color shadecolor on input line 1180.
Package color Info: Redefining color shadecolor on input line 1223.

Overfull \hbox (38.24666pt too wide) in paragraph at lines 6295--6295
[]\OT1/cmtt/m/n/10 ##  [1] "regrWF.svm.v1"          "regrWF.svm.v2"          "r
egrWF.svm.v3"[] 
 []


Overfull \hbox (38.24666pt too wide) in paragraph at lines 6295--6295
[]\OT1/cmtt/m/n/10 ##  [4] "regrWF.svm.v4"          "regrWF.svm.v5"          "r
egrWF.svm.v6"[] 
 []


Overfull \hbox (85.49625pt too wide) in paragraph at lines 6295--6295
[]\OT1/cmtt/m/n/10 ##  [7] "regrWF.randomForest.v1" "regrWF.randomForest.v2" "r
egrWF.randomForest.v3"[] 
 []


Overfull \hbox (85.49625pt too wide) in paragraph at lines 6295--6295
[]\OT1/cmtt/m/n/10 ## [10] "regrWF.randomForest.v4" "regrWF.randomForest.v5" "r
egrWF.randomForest.v6"[] 
 []


Overfull \hbox (48.74657pt too wide) in paragraph at lines 6295--6295
[]\OT1/cmtt/m/n/10 ## [13] "regrWF.earth.v1"        "regrWF.earth.v2"        "r
egrWF.earth.v3"[] 
 []


Overfull \hbox (48.74657pt too wide) in paragraph at lines 6295--6295
[]\OT1/cmtt/m/n/10 ## [16] "regrWF.earth.v4"        "regrWF.earth.v5"        "r
egrWF.earth.v6"[] 
 []

Package color Info: Redefining color shadecolor on input line 6310.
[20]
Package color Info: Redefining color shadecolor on input line 6355.
 [21]
Underfull \vbox (badness 10000) detected at line 6485
 []


Underfull \vbox (badness 10000) detected at line 6485
 []

[22]
Underfull \vbox (badness 10000) detected at line 6485
 []


Underfull \vbox (badness 10000) detected at line 6485
 []

[23]
Package color Info: Redefining color shadecolor on input line 6513.
 <figures/perfEst-unnamed-chunk-21.pdf, id=201, 505.89pt x 505.89pt>
File: figures/perfEst-unnamed-chunk-21.pdf Graphic file (type pdf)

<use figures/perfEst-unnamed-chunk-21.pdf>
Package pdftex.def Info: figures/perfEst-unnamed-chunk-21.pdf used on input lin
e 6519.
(pdftex.def)             Requested size: 345.0pt x 345.00414pt.
Package color Info: Redefining color shadecolor on input line 6552.

<figures/perfEst-unnamed-chunk-22.pdf, id=202, 505.89pt x 505.89pt>
File: figures/perfEst-unnamed-chunk-22.pdf Graphic file (type pdf)

<use figures/perfEst-unnamed-chunk-22.pdf>
Package pdftex.def Info: figures/perfEst-unnamed-chunk-22.pdf used on input lin
e 6558.
(pdftex.def)             Requested size: 345.0pt x 345.00414pt.
Package color Info: Redefining color shadecolor on input line 6576.

Overfull \hbox (27.74675pt too wide) in paragraph at lines 6578--6578
[][]\OT1/cmtt/m/n/10 summary[][]([][]subset[][](res,[] []dss[] []=[] []"a1"[][]
,[] []vars[] []=[] []glob2rx[][]([][]"*svm*"[][]),[] []stat[] []=[] []"mae"[][]
))[][] 
 []


Overfull \hbox (216.7451pt too wide) in paragraph at lines 6641--6641
[]\OT1/cmtt/m/n/10 ## * Learners  ::  regrWF.svm.v1, regrWF.svm.v2, regrWF.svm.
v3, regrWF.svm.v4, regrWF.svm.v5, regrWF.svm.v6[] 
 []

[24]
Underfull \vbox (badness 10000) detected at line 6642
 []


Underfull \vbox (badness 10000) detected at line 6642
 []

[25 <./figures/perfEst-unnamed-chunk-21.pdf>]
Underfull \vbox (badness 10000) detected at line 6642
 []


Overfull \vbox (1.4486pt too high) detected at line 6642
 []

[26 <./figures/perfEst-unnamed-chunk-22.pdf>]
Package color Info: Redefining color shadecolor on input line 6654.
 [27]
Package color Info: Redefining color shadecolor on input line 6698.
Package color Info: Redefining color shadecolor on input line 6720.

Overfull \hbox (148.4957pt too wide) in paragraph at lines 6722--6722
[][]\OT1/cmtt/m/n/10 statScores[][]([][]subset[][](res,[] []vars[] []=[] []glob
2rx[][]([][]"*svm*"[][]),[] []dss[] []=[] []"a1"[][]),[] []stat[] []=[] []"mae"
[][],[] []summary[] []=[] []"median"[][])[][] 
 []


Overfull \hbox (106.49606pt too wide) in paragraph at lines 6728--6728
[]\OT1/cmtt/m/n/10 ## regrWF.svm.v1 regrWF.svm.v2 regrWF.svm.v3 regrWF.svm.v4 r
egrWF.svm.v5 regrWF.svm.v6[] 
 []


Overfull \hbox (106.49606pt too wide) in paragraph at lines 6728--6728
[]\OT1/cmtt/m/n/10 ##         11.34         11.97         12.99         12.30  
       11.66         11.76[] 
 []

(./performanceEstimation.bbl)
Package atveryend Info: Empty hook `BeforeClearDocument' on input line 6736.
 [28]
Package atveryend Info: Empty hook `AfterLastShipout' on input line 6736.
 (./performanceEstimation.aux)
Package atveryend Info: Executing hook `AtVeryEndDocument' on input line 6736.
Package atveryend Info: Executing hook `AtEndAfterFileList' on input line 6736.

Package rerunfilecheck Info: File `performanceEstimation.out' has not changed.
(rerunfilecheck)             Checksum: 213FA2188E32DAF7963E591C74056B1F;2965.
Package atveryend Info: Empty hook `AtVeryVeryEnd' on input line 6736.
 ) 
Here is how much of TeX's memory you used:
 10362 strings out of 495007
 144976 string characters out of 6180696
 876433 words of memory out of 5000000
 13402 multiletter control sequences out of 15000+600000
 14536 words of font info for 57 fonts, out of 8000000 for 9000
 16 hyphenation exceptions out of 8191
 30i,8n,35p,1494b,446s stack positions out of 5000i,500n,10000p,200000b,80000s
</usr/share/texlive/texmf-dist/fonts/type1/public/amsfonts/cm/cmbx10.pfb></us
r/share/texlive/texmf-dist/fonts/type1/public/amsfonts/cm/cmbx12.pfb></usr/shar
e/texlive/texmf-dist/fonts/type1/public/amsfonts/cm/cmbx9.pfb></usr/share/texli
ve/texmf-dist/fonts/type1/public/amsfonts/cm/cmitt10.pfb></usr/share/texlive/te
xmf-dist/fonts/type1/public/amsfonts/cm/cmmi10.pfb></usr/share/texlive/texmf-di
st/fonts/type1/public/amsfonts/cm/cmmi7.pfb></usr/share/texlive/texmf-dist/font
s/type1/public/amsfonts/cm/cmr10.pfb></usr/share/texlive/texmf-dist/fonts/type1
/public/amsfonts/cm/cmr12.pfb></usr/share/texlive/texmf-dist/fonts/type1/public
/amsfonts/cm/cmr17.pfb></usr/share/texlive/texmf-dist/fonts/type1/public/amsfon
ts/cm/cmr6.pfb></usr/share/texlive/texmf-dist/fonts/type1/public/amsfonts/cm/cm
r7.pfb></usr/share/texlive/texmf-dist/fonts/type1/public/amsfonts/cm/cmr8.pfb><
/usr/share/texlive/texmf-dist/fonts/type1/public/amsfonts/cm/cmr9.pfb></usr/sha
re/texlive/texmf-dist/fonts/type1/public/amsfonts/cm/cmsy10.pfb></usr/share/tex
live/texmf-dist/fonts/type1/public/amsfonts/cm/cmsy7.pfb></usr/share/texlive/te
xmf-dist/fonts/type1/public/amsfonts/cm/cmti10.pfb></usr/share/texlive/texmf-di
st/fonts/type1/public/amsfonts/cm/cmtt10.pfb></usr/share/texlive/texmf-dist/fon
ts/type1/public/amsfonts/cm/cmtt12.pfb></usr/share/texlive/texmf-dist/fonts/typ
e1/public/amsfonts/cm/cmtt8.pfb></usr/share/texlive/texmf-dist/fonts/type1/publ
ic/amsfonts/cm/cmtt9.pfb>
Output written on performanceEstimation.pdf (28 pages, 348618 bytes).
PDF statistics:
 316 PDF objects out of 1000 (max. 8388607)
 257 compressed objects within 3 object streams
 52 named destinations out of 1000 (max. 500000)
 144 words of extra memory for PDF output out of 10000 (max. 10000000)

